<?xml version="1.0" encoding="UTF-8"?>
<testsuite xmlns:xsi="http://www.w3.org/2001/XMLSchema-instance" xsi:noNamespaceSchemaLocation="https://maven.apache.org/surefire/maven-surefire-plugin/xsd/surefire-test-report.xsd" name="com.example.AppTest" time="0.087" tests="1" errors="0" skipped="0" failures="0">
  <properties>
    <property name="java.specification.version" value="17"/>
    <property name="sun.cpu.isalist" value="amd64"/>
    <property name="sun.jnu.encoding" value="Cp1252"/>
    <property name="java.class.path" value="D:\6th sem\Devops\Progs\Prog 2\myapp\target\test-classes;D:\6th sem\Devops\Progs\Prog 2\myapp\target\classes;C:\Users\Shubham\.m2\repository\junit\junit\4.13.2\junit-4.13.2.jar;C:\Users\Shubham\.m2\repository\org\hamcrest\hamcrest-core\1.3\hamcrest-core-1.3.jar;"/>
    <property name="java.vm.vendor" value="Microsoft"/>
    <property name="sun.arch.data.model" value="64"/>
    <property name="user.variant" value=""/>
    <property name="java.vendor.url" value="https://www.microsoft.com"/>
    <property name="user.timezone" value="Asia/Calcutta"/>
    <property name="os.name" value="Windows 11"/>
    <property name="java.vm.specification.version" value="17"/>
    <property name="sun.java.launcher" value="SUN_STANDARD"/>
    <property name="user.country" value="IN"/>
    <property name="sun.boot.library.path" value="C:\Program Files\Microsoft\jdk-17.0.14.7-hotspot\bin"/>
    <property name="sun.java.command" value="C:\Users\Shubham\AppData\Local\Temp\surefire12978844620596829548\surefirebooter1461199994457997204.jar C:\Users\Shubham\AppData\Local\Temp\surefire12978844620596829548 2025-05-06T14-00-15_718-jvmRun1 surefire1923851340162092631tmp surefire_010202271135762089987tmp"/>
    <property name="jdk.debug" value="release"/>
    <property name="surefire.test.class.path" value="D:\6th sem\Devops\Progs\Prog 2\myapp\target\test-classes;D:\6th sem\Devops\Progs\Prog 2\myapp\target\classes;C:\Users\Shubham\.m2\repository\junit\junit\4.13.2\junit-4.13.2.jar;C:\Users\Shubham\.m2\repository\org\hamcrest\hamcrest-core\1.3\hamcrest-core-1.3.jar;"/>
    <property name="sun.cpu.endian" value="little"/>
    <property name="user.home" value="C:\Users\Shubham"/>
    <property name="user.language" value="en"/>
    <property name="java.specification.vendor" value="Oracle Corporation"/>
    <property name="java.version.date" value="2025-01-21"/>
    <property name="java.home" value="C:\Program Files\Microsoft\jdk-17.0.14.7-hotspot"/>
    <property name="file.separator" value="\"/>
    <property name="basedir" value="D:\6th sem\Devops\Progs\Prog 2\myapp"/>
    <property name="java.vm.compressedOopsMode" value="Zero based"/>
    <property name="line.separator" value="&#10;"/>
    <property name="java.vm.specification.vendor" value="Oracle Corporation"/>
    <property name="java.specification.name" value="Java Platform API Specification"/>
    <property name="surefire.real.class.path" value="C:\Users\Shubham\AppData\Local\Temp\surefire12978844620596829548\surefirebooter1461199994457997204.jar"/>
    <property name="user.script" value=""/>
    <property name="sun.management.compiler" value="HotSpot 64-Bit Tiered Compilers"/>
    <property name="java.runtime.version" value="17.0.14+7-LTS"/>
    <property name="user.name" value="Shubham"/>
    <property name="path.separator" value=";"/>
    <property name="os.version" value="10.0"/>
    <property name="java.runtime.name" value="OpenJDK Runtime Environment"/>
    <property name="file.encoding" value="Cp1252"/>
    <property name="java.vm.name" value="OpenJDK 64-Bit Server VM"/>
    <property name="java.vendor.version" value="Microsoft-10800295"/>
    <property name="localRepository" value="C:\Users\Shubham\.m2\repository"/>
    <property name="java.vendor.url.bug" value="https://github.com/microsoft/openjdk/issues"/>
    <property name="java.io.tmpdir" value="C:\Users\Shubham\AppData\Local\Temp\"/>
    <property name="java.version" value="17.0.14"/>
    <property name="user.dir" value="D:\6th sem\Devops\Progs\Prog 2\myapp"/>
    <property name="os.arch" value="amd64"/>
    <property name="java.vm.specification.name" value="Java Virtual Machine Specification"/>
    <property name="sun.os.patch.level" value=""/>
    <property name="native.encoding" value="Cp1252"/>
    <property name="java.library.path" value="C:\Program Files\Microsoft\jdk-17.0.14.7-hotspot\bin;C:\WINDOWS\Sun\Java\bin;C:\WINDOWS\system32;C:\WINDOWS;C:\Program Files\Microsoft\jdk-17.0.14.7-hotspot\bin;C:\Program Files\Microsoft\jdk-21.0.7.6-hotspot\bin;C:\Windows\system32;C:\Windows;C:\Windows\System32\Wbem;C:\Windows\System32\WindowsPowerShell\v1.0\;C:\Windows\System32\OpenSSH\;C:\Program Files (x86)\NVIDIA Corporation\PhysX\Common;C:\Program Files\NVIDIA Corporation\NVIDIA NvDLISR;C:\Users\Shubham\AppData\Local\Programs\Python\Python312;C:\Program Files\Git\cmd;C:\Program Files\MySQL\MySQL Server 8.0\bin;C:\Program Files\nodejs;C:\Program Files\MongoDB\mongosh-2.2.15-win32-x64\bin;C:\WINDOWS\system32;C:\WINDOWS;C:\WINDOWS\System32\Wbem;C:\WINDOWS\System32\WindowsPowerShell\v1.0\;C:\WINDOWS\System32\OpenSSH\;C:\Program Files\apache-maven-3.9.9\bin;C:\Program Files\nodejs\;C:\Users\Shubham\AppData\Local\Android\Sdk\platform-tools;C:\Program Files\gradle-8.13\bin;C:\Program Files\MySQL\MySQL Shell 8.0\bin\;C:\Users\Shubham\AppData\Local\Programs\Python\Launcher\;C:\Users\Shubham\AppData\Local\Microsoft\WindowsApps;C:\MinGW\bin;C:\Users\Shubham\AppData\Local\Programs\Python\Python312;C:\Users\Shubham\AppData\Local\Programs\Python\Python312\Scripts;C:\Users\Shubham\AppData\Local\Programs\Microsoft VS Code\bin;C:\Users\Shubham\AppData\Local\Programs\Ollama;C:\Users\Shubham\.lmstudio\bin;C:\Users\Shubham\AppData\Roaming\npm;C:\Users\Shubham\AppData\Local\JetBrains\Toolbox\scripts;;."/>
    <property name="java.vm.info" value="mixed mode, sharing"/>
    <property name="java.vendor" value="Microsoft"/>
    <property name="java.vm.version" value="17.0.14+7-LTS"/>
    <property name="java.specification.maintenance.version" value="1"/>
    <property name="sun.io.unicode.encoding" value="UnicodeLittle"/>
    <property name="java.class.version" value="61.0"/>
  </properties>
  <testcase name="testAdd" classname="com.example.AppTest" time="0.006"/>
</testsuite>